<?xml version="1.0" encoding="UTF-8"?>
<!-- Generated by org.testng.reporters.JUnitReportReporter -->
<testsuite hostname="DESKTOP-TFS32G0" failures="0" tests="1" name="ch.post.pf.nf.ta.execution.ActivitiesTestCase" time="0.000" errors="0" timestamp="23 Jul 2022 11:14:31 GMT" skipped="1">
  <testcase classname="ch.post.pf.nf.ta.execution.ActivitiesTestCase" name="Activities" time="0.000">
    <skipped/>
  </testcase> <!-- Activities -->
</testsuite> <!-- ch.post.pf.nf.ta.execution.ActivitiesTestCase -->
